Info: Starting: Create block symbol file (.bsf)
Info: qsys-generate C:\intelFPGA_lite\18.1\University_Program\Computer_Systems\DE10-Lite\CE2820-ES3\verilog\Computer_System.qsys --block-symbol-file --output-directory=C:\intelFPGA_lite\18.1\University_Program\Computer_Systems\DE10-Lite\CE2820-ES3\verilog\Computer_System --family="MAX 10" --part=10M50DAF484C7G
Progress: Loading verilog/Computer_System.qsys
Progress: Reading input file
Progress: Adding ADC [altera_up_avalon_adc 18.0]
Progress: Parameterizing module ADC
Progress: Adding Accelerometer [altera_up_avalon_accelerometer_spi 18.0]
Progress: Parameterizing module Accelerometer
Progress: Adding Arduino_GPIO [altera_avalon_pio 18.1]
Progress: Parameterizing module Arduino_GPIO
Progress: Adding Arduino_Reset_N [altera_avalon_pio 18.1]
Progress: Parameterizing module Arduino_Reset_N
Progress: Adding Expansion_JP1 [altera_avalon_pio 18.1]
Progress: Parameterizing module Expansion_JP1
Progress: Adding HEX3_HEX0 [altera_avalon_pio 18.1]
Progress: Parameterizing module HEX3_HEX0
Progress: Adding HEX5_HEX4 [altera_avalon_pio 18.1]
Progress: Parameterizing module HEX5_HEX4
Progress: Adding Interval_Timer [altera_avalon_timer 18.1]
Progress: Parameterizing module Interval_Timer
Progress: Adding Interval_Timer_2 [altera_avalon_timer 18.1]
Progress: Parameterizing module Interval_Timer_2
Progress: Adding Interval_Timer_2nd_Core [altera_avalon_timer 18.1]
Progress: Parameterizing module Interval_Timer_2nd_Core
Progress: Adding Interval_Timer_2nd_Core_2 [altera_avalon_timer 18.1]
Progress: Parameterizing module Interval_Timer_2nd_Core_2
Progress: Adding JTAG_UART [altera_avalon_jtag_uart 18.1]
Progress: Parameterizing module JTAG_UART
Progress: Adding JTAG_UART_2nd_Core [altera_avalon_jtag_uart 18.1]
Progress: Parameterizing module JTAG_UART_2nd_Core
Progress: Adding JTAG_to_FPGA_Bridge [altera_jtag_avalon_master 18.1]
Progress: Parameterizing module JTAG_to_FPGA_Bridge
Progress: Adding LEDs [altera_avalon_pio 18.1]
Progress: Parameterizing module LEDs
Progress: Adding Nios2 [altera_nios2_gen2 18.1]
Progress: Parameterizing module Nios2
Progress: Adding Nios2_2nd_Core [altera_nios2_gen2 18.1]
Progress: Parameterizing module Nios2_2nd_Core
Progress: Adding Nios2_2nd_Core_Floating_Point [altera_nios_custom_instr_floating_point 18.1]
Progress: Parameterizing module Nios2_2nd_Core_Floating_Point
Progress: Adding Nios2_Floating_Point [altera_nios_custom_instr_floating_point 18.1]
Progress: Parameterizing module Nios2_Floating_Point
Progress: Adding Onchip_SRAM [altera_avalon_onchip_memory2 18.1]
Progress: Parameterizing module Onchip_SRAM
Progress: Adding Pushbuttons [altera_avalon_pio 18.1]
Progress: Parameterizing module Pushbuttons
Progress: Adding SDRAM [altera_avalon_new_sdram_controller 18.1]
Progress: Parameterizing module SDRAM
Progress: Adding Servo0 [servo_control 1.5]
Progress: Parameterizing module Servo0
Progress: Adding Servo1 [servo_control 1.5]
Progress: Parameterizing module Servo1
Progress: Adding Slider_Switches [altera_avalon_pio 18.1]
Progress: Parameterizing module Slider_Switches
Progress: Adding SysID [altera_avalon_sysid_qsys 18.1]
Progress: Parameterizing module SysID
Progress: Adding System_PLL [altera_up_avalon_sys_sdram_pll 18.0]
Progress: Parameterizing module System_PLL
Progress: Adding VGA_Subsystem [VGA_Subsystem 1.0]
Progress: Reading input file
Progress: Adding Char_Buf_Subsystem [Char_Buf_Subsystem 1.0]
Progress: Reading input file
Progress: Adding ASCII_to_Image [altera_up_avalon_video_ascii_to_image 18.0]
Progress: Parameterizing module ASCII_to_Image
Progress: Adding Char_Buf_DMA [altera_up_avalon_video_dma_controller 18.0]
Progress: Parameterizing module Char_Buf_DMA
Progress: Adding Char_Buf_RGB_Resampler [altera_up_avalon_video_rgb_resampler 18.0]
Progress: Parameterizing module Char_Buf_RGB_Resampler
Progress: Adding Char_Buf_Scaler [altera_up_avalon_video_scaler 18.0]
Progress: Parameterizing module Char_Buf_Scaler
Progress: Adding Onchip_SRAM [altera_avalon_onchip_memory2 18.1]
Progress: Parameterizing module Onchip_SRAM
Progress: Adding Set_Black_Transparent [altera_up_avalon_video_change_alpha 18.0]
Progress: Parameterizing module Set_Black_Transparent
Progress: Adding Sys_Clk [clock_source 18.1]
Progress: Parameterizing module Sys_Clk
Progress: Building connections
Progress: Parameterizing connections
Progress: Validating
Progress: Done reading input file
Progress: Parameterizing module Char_Buf_Subsystem
Progress: Adding Sys_Clk [clock_source 18.1]
Progress: Parameterizing module Sys_Clk
Progress: Adding VGA_Alpha_Blender [altera_up_avalon_video_alpha_blender 18.0]
Progress: Parameterizing module VGA_Alpha_Blender
Progress: Adding VGA_Clk [clock_source 18.1]
Progress: Parameterizing module VGA_Clk
Progress: Adding VGA_Controller [altera_up_avalon_video_vga_controller 18.1]
Warning: altera_up_avalon_video_vga_controller: Catalog mismatch; expected v18.0 but found v18.1
Progress: Parameterizing module VGA_Controller
Progress: Adding VGA_Dual_Clock_FIFO [altera_up_avalon_video_dual_clock_buffer 18.0]
Progress: Parameterizing module VGA_Dual_Clock_FIFO
Progress: Adding VGA_Pixel_DMA [altera_up_avalon_video_dma_controller 18.0]
Progress: Parameterizing module VGA_Pixel_DMA
Progress: Adding VGA_Pixel_FIFO [altera_up_avalon_video_dual_clock_buffer 18.0]
Progress: Parameterizing module VGA_Pixel_FIFO
Progress: Adding VGA_Pixel_RGB_Resampler [altera_up_avalon_video_rgb_resampler 18.0]
Progress: Parameterizing module VGA_Pixel_RGB_Resampler
Progress: Adding VGA_Pixel_Scaler [altera_up_avalon_video_scaler 18.0]
Progress: Parameterizing module VGA_Pixel_Scaler
Progress: Building connections
Progress: Parameterizing connections
Progress: Validating
Progress: Done reading input file
Progress: Parameterizing module VGA_Subsystem
Progress: Adding Video_PLL [altera_up_avalon_video_pll 18.0]
Progress: Parameterizing module Video_PLL
Progress: Adding blinky_test_0 [blinky_test 1.1]
Progress: Parameterizing module blinky_test_0
Progress: Adding iServo0 [altera_avalon_pio 18.1]
Progress: Parameterizing module iServo0
Progress: Adding iServo1 [altera_avalon_pio 18.1]
Progress: Parameterizing module iServo1
Progress: Adding video_lt24_controller_0 [altera_up_avalon_video_lt24_controller 18.0]
Progress: Parameterizing module video_lt24_controller_0
Progress: Adding video_pixel_buffer_dma_0 [altera_up_avalon_video_pixel_buffer_dma 18.0]
Progress: Parameterizing module video_pixel_buffer_dma_0
Progress: Adding video_pll_0 [altera_up_avalon_video_pll 18.0]
Progress: Parameterizing module video_pll_0
Progress: Building connections
Progress: Parameterizing connections
Progress: Validating
Progress: Done reading input file
Info: Computer_System.JTAG_UART: JTAG UART IP input clock need to be at least double (2x) the operating frequency of JTAG TCK on board
Info: Computer_System.SDRAM: SDRAM Controller will only be supported in Quartus Prime Standard Edition in the future release.
Info: Computer_System.SysID: System ID is not assigned automatically. Edit the System ID parameter to provide a unique ID
Info: Computer_System.SysID: Time stamp will be automatically updated when this component is generated.
Info: Computer_System.System_PLL: Refclk Freq: 50.0
Info: qsys-generate succeeded.
Info: Finished: Create block symbol file (.bsf)
Info: 
Info: Starting: Create HDL design files for synthesis
Info: qsys-generate C:\intelFPGA_lite\18.1\University_Program\Computer_Systems\DE10-Lite\CE2820-ES3\verilog\Computer_System.qsys --synthesis=VHDL --output-directory=C:\intelFPGA_lite\18.1\University_Program\Computer_Systems\DE10-Lite\CE2820-ES3\verilog\Computer_System\synthesis --family="MAX 10" --part=10M50DAF484C7G
Progress: Loading verilog/Computer_System.qsys
Progress: Reading input file
Progress: Adding ADC [altera_up_avalon_adc 18.0]
Progress: Parameterizing module ADC
Progress: Adding Accelerometer [altera_up_avalon_accelerometer_spi 18.0]
Progress: Parameterizing module Accelerometer
Progress: Adding Arduino_GPIO [altera_avalon_pio 18.1]
Progress: Parameterizing module Arduino_GPIO
Progress: Adding Arduino_Reset_N [altera_avalon_pio 18.1]
Progress: Parameterizing module Arduino_Reset_N
Progress: Adding Expansion_JP1 [altera_avalon_pio 18.1]
Progress: Parameterizing module Expansion_JP1
Progress: Adding HEX3_HEX0 [altera_avalon_pio 18.1]
Progress: Parameterizing module HEX3_HEX0
Progress: Adding HEX5_HEX4 [altera_avalon_pio 18.1]
Progress: Parameterizing module HEX5_HEX4
Progress: Adding Interval_Timer [altera_avalon_timer 18.1]
Progress: Parameterizing module Interval_Timer
Progress: Adding Interval_Timer_2 [altera_avalon_timer 18.1]
Progress: Parameterizing module Interval_Timer_2
Progress: Adding Interval_Timer_2nd_Core [altera_avalon_timer 18.1]
Progress: Parameterizing module Interval_Timer_2nd_Core
Progress: Adding Interval_Timer_2nd_Core_2 [altera_avalon_timer 18.1]
Progress: Parameterizing module Interval_Timer_2nd_Core_2
Progress: Adding JTAG_UART [altera_avalon_jtag_uart 18.1]
Progress: Parameterizing module JTAG_UART
Progress: Adding JTAG_UART_2nd_Core [altera_avalon_jtag_uart 18.1]
Progress: Parameterizing module JTAG_UART_2nd_Core
Progress: Adding JTAG_to_FPGA_Bridge [altera_jtag_avalon_master 18.1]
Progress: Parameterizing module JTAG_to_FPGA_Bridge
Progress: Adding LEDs [altera_avalon_pio 18.1]
Progress: Parameterizing module LEDs
Progress: Adding Nios2 [altera_nios2_gen2 18.1]
Progress: Parameterizing module Nios2
Progress: Adding Nios2_2nd_Core [altera_nios2_gen2 18.1]
Progress: Parameterizing module Nios2_2nd_Core
Progress: Adding Nios2_2nd_Core_Floating_Point [altera_nios_custom_instr_floating_point 18.1]
Progress: Parameterizing module Nios2_2nd_Core_Floating_Point
Progress: Adding Nios2_Floating_Point [altera_nios_custom_instr_floating_point 18.1]
Progress: Parameterizing module Nios2_Floating_Point
Progress: Adding Onchip_SRAM [altera_avalon_onchip_memory2 18.1]
Progress: Parameterizing module Onchip_SRAM
Progress: Adding Pushbuttons [altera_avalon_pio 18.1]
Progress: Parameterizing module Pushbuttons
Progress: Adding SDRAM [altera_avalon_new_sdram_controller 18.1]
Progress: Parameterizing module SDRAM
Progress: Adding Servo0 [servo_control 1.5]
Progress: Parameterizing module Servo0
Progress: Adding Servo1 [servo_control 1.5]
Progress: Parameterizing module Servo1
Progress: Adding Slider_Switches [altera_avalon_pio 18.1]
Progress: Parameterizing module Slider_Switches
Progress: Adding SysID [altera_avalon_sysid_qsys 18.1]
Progress: Parameterizing module SysID
Progress: Adding System_PLL [altera_up_avalon_sys_sdram_pll 18.0]
Progress: Parameterizing module System_PLL
Progress: Adding VGA_Subsystem [VGA_Subsystem 1.0]
Progress: Parameterizing module VGA_Subsystem
Progress: Adding Video_PLL [altera_up_avalon_video_pll 18.0]
Progress: Parameterizing module Video_PLL
Progress: Adding blinky_test_0 [blinky_test 1.1]
Progress: Parameterizing module blinky_test_0
Progress: Adding iServo0 [altera_avalon_pio 18.1]
Progress: Parameterizing module iServo0
Progress: Adding iServo1 [altera_avalon_pio 18.1]
Progress: Parameterizing module iServo1
Progress: Adding video_lt24_controller_0 [altera_up_avalon_video_lt24_controller 18.0]
Progress: Parameterizing module video_lt24_controller_0
Progress: Adding video_pixel_buffer_dma_0 [altera_up_avalon_video_pixel_buffer_dma 18.0]
Progress: Parameterizing module video_pixel_buffer_dma_0
Progress: Adding video_pll_0 [altera_up_avalon_video_pll 18.0]
Progress: Parameterizing module video_pll_0
Progress: Building connections
Progress: Parameterizing connections
Progress: Validating
Progress: Done reading input file
Info: Computer_System.JTAG_UART: JTAG UART IP input clock need to be at least double (2x) the operating frequency of JTAG TCK on board
Info: Computer_System.SDRAM: SDRAM Controller will only be supported in Quartus Prime Standard Edition in the future release.
Info: Computer_System.SysID: System ID is not assigned automatically. Edit the System ID parameter to provide a unique ID
Info: Computer_System.SysID: Time stamp will be automatically updated when this component is generated.
Info: Computer_System.System_PLL: Refclk Freq: 50.0
Info: Computer_System: Generating Computer_System "Computer_System" for QUARTUS_SYNTH
Info: Inserting clock-crossing logic between cmd_demux.src0 and cmd_mux.sink0
Info: Inserting clock-crossing logic between cmd_demux_001.src2 and cmd_mux_002.sink0
Info: Inserting clock-crossing logic between cmd_demux_003.src2 and cmd_mux_002.sink1
Info: Inserting clock-crossing logic between rsp_demux.src0 and rsp_mux.sink0
Info: Inserting clock-crossing logic between rsp_demux_002.src0 and rsp_mux_001.sink2
Info: Inserting clock-crossing logic between rsp_demux_002.src1 and rsp_mux_003.sink2
Warning: Computer_System: "No matching role found for Nios2_custom_instruction_master_multi_xconnect:ci_slave:ci_slave_ipending (ipending)"
Warning: Computer_System: "No matching role found for Nios2_custom_instruction_master_multi_xconnect:ci_slave:ci_slave_estatus (estatus)"
Info: ADC: Starting Generation of ADC Controller for DE-series Board
Warning: ADC: add_file from generate callback added file altera_modular_adc_control.v with wrong prefix; use [get_generation_property output_name] to get correct prefix
Warning: ADC: add_file on static file C:/intelfpga_lite/18.1/ip/altera/university_program/input_output/altera_up_avalon_adc/hdl/de10/altera_modular_adc_control.v from generate callback is unsafe; add static files from main program
Warning: ADC: add_file from generate callback added file altera_modular_adc_control_avrg_fifo.v with wrong prefix; use [get_generation_property output_name] to get correct prefix
Warning: ADC: add_file on static file C:/intelfpga_lite/18.1/ip/altera/university_program/input_output/altera_up_avalon_adc/hdl/de10/altera_modular_adc_control_avrg_fifo.v from generate callback is unsafe; add static files from main program
Warning: ADC: add_file from generate callback added file altera_modular_adc_control_fsm.v with wrong prefix; use [get_generation_property output_name] to get correct prefix
Warning: ADC: add_file on static file C:/intelfpga_lite/18.1/ip/altera/university_program/input_output/altera_up_avalon_adc/hdl/de10/altera_modular_adc_control_fsm.v from generate callback is unsafe; add static files from main program
Warning: ADC: add_file from generate callback added file altera_modular_adc_sample_store.v with wrong prefix; use [get_generation_property output_name] to get correct prefix
Warning: ADC: add_file on static file C:/intelfpga_lite/18.1/ip/altera/university_program/input_output/altera_up_avalon_adc/hdl/de10/altera_modular_adc_sample_store.v from generate callback is unsafe; add static files from main program
Warning: ADC: add_file from generate callback added file altera_modular_adc_sample_store_ram.v with wrong prefix; use [get_generation_property output_name] to get correct prefix
Warning: ADC: add_file on static file C:/intelfpga_lite/18.1/ip/altera/university_program/input_output/altera_up_avalon_adc/hdl/de10/altera_modular_adc_sample_store_ram.v from generate callback is unsafe; add static files from main program
Warning: ADC: add_file from generate callback added file altera_modular_adc_sequencer.v with wrong prefix; use [get_generation_property output_name] to get correct prefix
Warning: ADC: add_file on static file C:/intelfpga_lite/18.1/ip/altera/university_program/input_output/altera_up_avalon_adc/hdl/de10/altera_modular_adc_sequencer.v from generate callback is unsafe; add static files from main program
Warning: ADC: add_file from generate callback added file altera_modular_adc_sequencer_csr.v with wrong prefix; use [get_generation_property output_name] to get correct prefix
Warning: ADC: add_file on static file C:/intelfpga_lite/18.1/ip/altera/university_program/input_output/altera_up_avalon_adc/hdl/de10/altera_modular_adc_sequencer_csr.v from generate callback is unsafe; add static files from main program
Warning: ADC: add_file from generate callback added file altera_modular_adc_sequencer_ctrl.v with wrong prefix; use [get_generation_property output_name] to get correct prefix
Warning: ADC: add_file on static file C:/intelfpga_lite/18.1/ip/altera/university_program/input_output/altera_up_avalon_adc/hdl/de10/altera_modular_adc_sequencer_ctrl.v from generate callback is unsafe; add static files from main program
Warning: ADC: add_file from generate callback added file chsel_code_converter_sw_to_hw.v with wrong prefix; use [get_generation_property output_name] to get correct prefix
Warning: ADC: add_file on static file C:/intelfpga_lite/18.1/ip/altera/university_program/input_output/altera_up_avalon_adc/hdl/de10/chsel_code_converter_sw_to_hw.v from generate callback is unsafe; add static files from main program
Warning: ADC: add_file from generate callback added file DE10_Lite_ADC_Core_modular_adc_0.v with wrong prefix; use [get_generation_property output_name] to get correct prefix
Warning: ADC: add_file on static file C:/intelfpga_lite/18.1/ip/altera/university_program/input_output/altera_up_avalon_adc/hdl/de10/DE10_Lite_ADC_Core_modular_adc_0.v from generate callback is unsafe; add static files from main program
Warning: ADC: add_file from generate callback added file fiftyfivenm_adcblock_primitive_wrapper.v with wrong prefix; use [get_generation_property output_name] to get correct prefix
Warning: ADC: add_file on static file C:/intelfpga_lite/18.1/ip/altera/university_program/input_output/altera_up_avalon_adc/hdl/de10/fiftyfivenm_adcblock_primitive_wrapper.v from generate callback is unsafe; add static files from main program
Warning: ADC: add_file from generate callback added file fiftyfivenm_adcblock_top_wrapper.v with wrong prefix; use [get_generation_property output_name] to get correct prefix
Warning: ADC: add_file on static file C:/intelfpga_lite/18.1/ip/altera/university_program/input_output/altera_up_avalon_adc/hdl/de10/fiftyfivenm_adcblock_top_wrapper.v from generate callback is unsafe; add static files from main program
Info: ADC: C:/intelfpga_lite/18.1/ip/altera/university_program/input_output/altera_up_avalon_adc/hdl/altera_up_avalon_adv_adc.v C:/intelfpga_lite/18.1/ip/altera/university_program/input_output/altera_up_avalon_adc/hdl/de10/altera_modular_adc_control.v C:/intelfpga_lite/18.1/ip/altera/university_program/input_output/altera_up_avalon_adc/hdl/de10/altera_modular_adc_control_avrg_fifo.v C:/intelfpga_lite/18.1/ip/altera/university_program/input_output/altera_up_avalon_adc/hdl/de10/altera_modular_adc_control_fsm.v C:/intelfpga_lite/18.1/ip/altera/university_program/input_output/altera_up_avalon_adc/hdl/de10/altera_modular_adc_sample_store.v C:/intelfpga_lite/18.1/ip/altera/university_program/input_output/altera_up_avalon_adc/hdl/de10/altera_modular_adc_sample_store_ram.v C:/intelfpga_lite/18.1/ip/altera/university_program/input_output/altera_up_avalon_adc/hdl/de10/altera_modular_adc_sequencer.v C:/intelfpga_lite/18.1/ip/altera/university_program/input_output/altera_up_avalon_adc/hdl/de10/altera_modular_adc_sequencer_csr.v C:/intelfpga_lite/18.1/ip/altera/university_program/input_output/altera_up_avalon_adc/hdl/de10/altera_modular_adc_sequencer_ctrl.v C:/intelfpga_lite/18.1/ip/altera/university_program/input_output/altera_up_avalon_adc/hdl/de10/chsel_code_converter_sw_to_hw.v C:/intelfpga_lite/18.1/ip/altera/university_program/input_output/altera_up_avalon_adc/hdl/de10/DE10_Lite_ADC_Core_modular_adc_0.v C:/intelfpga_lite/18.1/ip/altera/university_program/input_output/altera_up_avalon_adc/hdl/de10/fiftyfivenm_adcblock_primitive_wrapper.v C:/intelfpga_lite/18.1/ip/altera/university_program/input_output/altera_up_avalon_adc/hdl/de10/fiftyfivenm_adcblock_top_wrapper.v C:/Users/klempb/AppData/Local/Temp/alt8751_2910055620119844973.dir/0002_sopcgen/Computer_System_ADC.v
Info: ADC: "Computer_System" instantiated altera_up_avalon_adc "ADC"
Info: Arduino_GPIO: Starting RTL generation for module 'Computer_System_Arduino_GPIO'
Info: Arduino_GPIO:   Generation command is [exec C:/intelfpga_lite/18.1/quartus/bin64/perl/bin/perl.exe -I C:/intelfpga_lite/18.1/quartus/bin64/perl/lib -I C:/intelfpga_lite/18.1/quartus/sopc_builder/bin/europa -I C:/intelfpga_lite/18.1/quartus/sopc_builder/bin/perl_lib -I C:/intelfpga_lite/18.1/quartus/sopc_builder/bin -I C:/intelfpga_lite/18.1/quartus/../ip/altera/sopc_builder_ip/common -I C:/intelfpga_lite/18.1/quartus/../ip/altera/sopc_builder_ip/altera_avalon_pio -- C:/intelfpga_lite/18.1/quartus/../ip/altera/sopc_builder_ip/altera_avalon_pio/generate_rtl.pl --name=Computer_System_Arduino_GPIO --dir=C:/Users/klempb/AppData/Local/Temp/alt8751_2910055620119844973.dir/0005_Arduino_GPIO_gen/ --quartus_dir=C:/intelfpga_lite/18.1/quartus --verilog --config=C:/Users/klempb/AppData/Local/Temp/alt8751_2910055620119844973.dir/0005_Arduino_GPIO_gen//Computer_System_Arduino_GPIO_component_configuration.pl  --do_build_sim=0  ]
Info: Arduino_GPIO: Done RTL generation for module 'Computer_System_Arduino_GPIO'
Info: Arduino_GPIO: "Computer_System" instantiated altera_avalon_pio "Arduino_GPIO"
Info: Arduino_Reset_N: Starting RTL generation for module 'Computer_System_Arduino_Reset_N'
Info: Arduino_Reset_N:   Generation command is [exec C:/intelfpga_lite/18.1/quartus/bin64/perl/bin/perl.exe -I C:/intelfpga_lite/18.1/quartus/bin64/perl/lib -I C:/intelfpga_lite/18.1/quartus/sopc_builder/bin/europa -I C:/intelfpga_lite/18.1/quartus/sopc_builder/bin/perl_lib -I C:/intelfpga_lite/18.1/quartus/sopc_builder/bin -I C:/intelfpga_lite/18.1/quartus/../ip/altera/sopc_builder_ip/common -I C:/intelfpga_lite/18.1/quartus/../ip/altera/sopc_builder_ip/altera_avalon_pio -- C:/intelfpga_lite/18.1/quartus/../ip/altera/sopc_builder_ip/altera_avalon_pio/generate_rtl.pl --name=Computer_System_Arduino_Reset_N --dir=C:/Users/klempb/AppData/Local/Temp/alt8751_2910055620119844973.dir/0006_Arduino_Reset_N_gen/ --quartus_dir=C:/intelfpga_lite/18.1/quartus --verilog --config=C:/Users/klempb/AppData/Local/Temp/alt8751_2910055620119844973.dir/0006_Arduino_Reset_N_gen//Computer_System_Arduino_Reset_N_component_configuration.pl  --do_build_sim=0  ]
Info: Arduino_Reset_N: Done RTL generation for module 'Computer_System_Arduino_Reset_N'
Info: Arduino_Reset_N: "Computer_System" instantiated altera_avalon_pio "Arduino_Reset_N"
Info: Expansion_JP1: Starting RTL generation for module 'Computer_System_Expansion_JP1'
Info: Expansion_JP1:   Generation command is [exec C:/intelfpga_lite/18.1/quartus/bin64/perl/bin/perl.exe -I C:/intelfpga_lite/18.1/quartus/bin64/perl/lib -I C:/intelfpga_lite/18.1/quartus/sopc_builder/bin/europa -I C:/intelfpga_lite/18.1/quartus/sopc_builder/bin/perl_lib -I C:/intelfpga_lite/18.1/quartus/sopc_builder/bin -I C:/intelfpga_lite/18.1/quartus/../ip/altera/sopc_builder_ip/common -I C:/intelfpga_lite/18.1/quartus/../ip/altera/sopc_builder_ip/altera_avalon_pio -- C:/intelfpga_lite/18.1/quartus/../ip/altera/sopc_builder_ip/altera_avalon_pio/generate_rtl.pl --name=Computer_System_Expansion_JP1 --dir=C:/Users/klempb/AppData/Local/Temp/alt8751_2910055620119844973.dir/0007_Expansion_JP1_gen/ --quartus_dir=C:/intelfpga_lite/18.1/quartus --verilog --config=C:/Users/klempb/AppData/Local/Temp/alt8751_2910055620119844973.dir/0007_Expansion_JP1_gen//Computer_System_Expansion_JP1_component_configuration.pl  --do_build_sim=0  ]
Info: Expansion_JP1: Done RTL generation for module 'Computer_System_Expansion_JP1'
Info: Expansion_JP1: "Computer_System" instantiated altera_avalon_pio "Expansion_JP1"
Info: HEX3_HEX0: Starting RTL generation for module 'Computer_System_HEX3_HEX0'
Info: HEX3_HEX0:   Generation command is [exec C:/intelfpga_lite/18.1/quartus/bin64/perl/bin/perl.exe -I C:/intelfpga_lite/18.1/quartus/bin64/perl/lib -I C:/intelfpga_lite/18.1/quartus/sopc_builder/bin/europa -I C:/intelfpga_lite/18.1/quartus/sopc_builder/bin/perl_lib -I C:/intelfpga_lite/18.1/quartus/sopc_builder/bin -I C:/intelfpga_lite/18.1/quartus/../ip/altera/sopc_builder_ip/common -I C:/intelfpga_lite/18.1/quartus/../ip/altera/sopc_builder_ip/altera_avalon_pio -- C:/intelfpga_lite/18.1/quartus/../ip/altera/sopc_builder_ip/altera_avalon_pio/generate_rtl.pl --name=Computer_System_HEX3_HEX0 --dir=C:/Users/klempb/AppData/Local/Temp/alt8751_2910055620119844973.dir/0008_HEX3_HEX0_gen/ --quartus_dir=C:/intelfpga_lite/18.1/quartus --verilog --config=C:/Users/klempb/AppData/Local/Temp/alt8751_2910055620119844973.dir/0008_HEX3_HEX0_gen//Computer_System_HEX3_HEX0_component_configuration.pl  --do_build_sim=0  ]
Info: HEX3_HEX0: Done RTL generation for module 'Computer_System_HEX3_HEX0'
Info: HEX3_HEX0: "Computer_System" instantiated altera_avalon_pio "HEX3_HEX0"
Info: Interval_Timer: Starting RTL generation for module 'Computer_System_Interval_Timer'
Info: Interval_Timer:   Generation command is [exec C:/intelFPGA_lite/18.1/quartus/bin64//perl/bin/perl.exe -I C:/intelFPGA_lite/18.1/quartus/bin64//perl/lib -I C:/intelfpga_lite/18.1/quartus/sopc_builder/bin/europa -I C:/intelfpga_lite/18.1/quartus/sopc_builder/bin/perl_lib -I C:/intelfpga_lite/18.1/quartus/sopc_builder/bin -I C:/intelfpga_lite/18.1/quartus/../ip/altera/sopc_builder_ip/common -I C:/intelfpga_lite/18.1/quartus/../ip/altera/sopc_builder_ip/altera_avalon_timer -- C:/intelfpga_lite/18.1/quartus/../ip/altera/sopc_builder_ip/altera_avalon_timer/generate_rtl.pl --name=Computer_System_Interval_Timer --dir=C:/Users/klempb/AppData/Local/Temp/alt8751_2910055620119844973.dir/0009_Interval_Timer_gen/ --quartus_dir=C:/intelfpga_lite/18.1/quartus --verilog --config=C:/Users/klempb/AppData/Local/Temp/alt8751_2910055620119844973.dir/0009_Interval_Timer_gen//Computer_System_Interval_Timer_component_configuration.pl  --do_build_sim=0  ]
Info: Interval_Timer: Done RTL generation for module 'Computer_System_Interval_Timer'
Info: Interval_Timer: "Computer_System" instantiated altera_avalon_timer "Interval_Timer"
Info: JTAG_UART: Starting RTL generation for module 'Computer_System_JTAG_UART'
Info: JTAG_UART:   Generation command is [exec C:/intelfpga_lite/18.1/quartus/bin64/perl/bin/perl.exe -I C:/intelfpga_lite/18.1/quartus/bin64/perl/lib -I C:/intelfpga_lite/18.1/quartus/sopc_builder/bin/europa -I C:/intelfpga_lite/18.1/quartus/sopc_builder/bin/perl_lib -I C:/intelfpga_lite/18.1/quartus/sopc_builder/bin -I C:/intelfpga_lite/18.1/quartus/../ip/altera/sopc_builder_ip/common -I C:/intelfpga_lite/18.1/quartus/../ip/altera/sopc_builder_ip/altera_avalon_jtag_uart -- C:/intelfpga_lite/18.1/quartus/../ip/altera/sopc_builder_ip/altera_avalon_jtag_uart/generate_rtl.pl --name=Computer_System_JTAG_UART --dir=C:/Users/klempb/AppData/Local/Temp/alt8751_2910055620119844973.dir/0010_JTAG_UART_gen/ --quartus_dir=C:/intelfpga_lite/18.1/quartus --verilog --config=C:/Users/klempb/AppData/Local/Temp/alt8751_2910055620119844973.dir/0010_JTAG_UART_gen//Computer_System_JTAG_UART_component_configuration.pl  --do_build_sim=0  ]
Info: JTAG_UART: Done RTL generation for module 'Computer_System_JTAG_UART'
Info: JTAG_UART: "Computer_System" instantiated altera_avalon_jtag_uart "JTAG_UART"
Info: JTAG_to_FPGA_Bridge: "Computer_System" instantiated altera_jtag_avalon_master "JTAG_to_FPGA_Bridge"
Info: LEDs: Starting RTL generation for module 'Computer_System_LEDs'
Info: LEDs:   Generation command is [exec C:/intelfpga_lite/18.1/quartus/bin64/perl/bin/perl.exe -I C:/intelfpga_lite/18.1/quartus/bin64/perl/lib -I C:/intelfpga_lite/18.1/quartus/sopc_builder/bin/europa -I C:/intelfpga_lite/18.1/quartus/sopc_builder/bin/perl_lib -I C:/intelfpga_lite/18.1/quartus/sopc_builder/bin -I C:/intelfpga_lite/18.1/quartus/../ip/altera/sopc_builder_ip/common -I C:/intelfpga_lite/18.1/quartus/../ip/altera/sopc_builder_ip/altera_avalon_pio -- C:/intelfpga_lite/18.1/quartus/../ip/altera/sopc_builder_ip/altera_avalon_pio/generate_rtl.pl --name=Computer_System_LEDs --dir=C:/Users/klempb/AppData/Local/Temp/alt8751_2910055620119844973.dir/0011_LEDs_gen/ --quartus_dir=C:/intelfpga_lite/18.1/quartus --verilog --config=C:/Users/klempb/AppData/Local/Temp/alt8751_2910055620119844973.dir/0011_LEDs_gen//Computer_System_LEDs_component_configuration.pl  --do_build_sim=0  ]
Info: LEDs: Done RTL generation for module 'Computer_System_LEDs'
Info: LEDs: "Computer_System" instantiated altera_avalon_pio "LEDs"
Info: Nios2: "Computer_System" instantiated altera_nios2_gen2 "Nios2"
Info: Nios2_Floating_Point: "Computer_System" instantiated altera_nios_custom_instr_floating_point "Nios2_Floating_Point"
Info: Onchip_SRAM: Starting RTL generation for module 'Computer_System_Onchip_SRAM'
Info: Onchip_SRAM:   Generation command is [exec C:/intelfpga_lite/18.1/quartus/bin64/perl/bin/perl.exe -I C:/intelfpga_lite/18.1/quartus/bin64/perl/lib -I C:/intelfpga_lite/18.1/quartus/sopc_builder/bin/europa -I C:/intelfpga_lite/18.1/quartus/sopc_builder/bin/perl_lib -I C:/intelfpga_lite/18.1/quartus/sopc_builder/bin -I C:/intelfpga_lite/18.1/quartus/../ip/altera/sopc_builder_ip/common -I C:/intelfpga_lite/18.1/quartus/../ip/altera/sopc_builder_ip/altera_avalon_onchip_memory2 -- C:/intelfpga_lite/18.1/quartus/../ip/altera/sopc_builder_ip/altera_avalon_onchip_memory2/generate_rtl.pl --name=Computer_System_Onchip_SRAM --dir=C:/Users/klempb/AppData/Local/Temp/alt8751_2910055620119844973.dir/0012_Onchip_SRAM_gen/ --quartus_dir=C:/intelfpga_lite/18.1/quartus --verilog --config=C:/Users/klempb/AppData/Local/Temp/alt8751_2910055620119844973.dir/0012_Onchip_SRAM_gen//Computer_System_Onchip_SRAM_component_configuration.pl  --do_build_sim=0  ]
Info: Onchip_SRAM: Done RTL generation for module 'Computer_System_Onchip_SRAM'
Info: Onchip_SRAM: "Computer_System" instantiated altera_avalon_onchip_memory2 "Onchip_SRAM"
Info: Pushbuttons: Starting RTL generation for module 'Computer_System_Pushbuttons'
Info: Pushbuttons:   Generation command is [exec C:/intelfpga_lite/18.1/quartus/bin64/perl/bin/perl.exe -I C:/intelfpga_lite/18.1/quartus/bin64/perl/lib -I C:/intelfpga_lite/18.1/quartus/sopc_builder/bin/europa -I C:/intelfpga_lite/18.1/quartus/sopc_builder/bin/perl_lib -I C:/intelfpga_lite/18.1/quartus/sopc_builder/bin -I C:/intelfpga_lite/18.1/quartus/../ip/altera/sopc_builder_ip/common -I C:/intelfpga_lite/18.1/quartus/../ip/altera/sopc_builder_ip/altera_avalon_pio -- C:/intelfpga_lite/18.1/quartus/../ip/altera/sopc_builder_ip/altera_avalon_pio/generate_rtl.pl --name=Computer_System_Pushbuttons --dir=C:/Users/klempb/AppData/Local/Temp/alt8751_2910055620119844973.dir/0013_Pushbuttons_gen/ --quartus_dir=C:/intelfpga_lite/18.1/quartus --verilog --config=C:/Users/klempb/AppData/Local/Temp/alt8751_2910055620119844973.dir/0013_Pushbuttons_gen//Computer_System_Pushbuttons_component_configuration.pl  --do_build_sim=0  ]
Info: Pushbuttons: Done RTL generation for module 'Computer_System_Pushbuttons'
Info: Pushbuttons: "Computer_System" instantiated altera_avalon_pio "Pushbuttons"
Info: SDRAM: Starting RTL generation for module 'Computer_System_SDRAM'
Info: SDRAM:   Generation command is [exec C:/intelfpga_lite/18.1/quartus/bin64/perl/bin/perl.exe -I C:/intelfpga_lite/18.1/quartus/bin64/perl/lib -I C:/intelfpga_lite/18.1/quartus/sopc_builder/bin/europa -I C:/intelfpga_lite/18.1/quartus/sopc_builder/bin/perl_lib -I C:/intelfpga_lite/18.1/quartus/sopc_builder/bin -I C:/intelfpga_lite/18.1/quartus/../ip/altera/sopc_builder_ip/common -I C:/intelfpga_lite/18.1/quartus/../ip/altera/sopc_builder_ip/altera_avalon_new_sdram_controller -- C:/intelfpga_lite/18.1/quartus/../ip/altera/sopc_builder_ip/altera_avalon_new_sdram_controller/generate_rtl.pl --name=Computer_System_SDRAM --dir=C:/Users/klempb/AppData/Local/Temp/alt8751_2910055620119844973.dir/0014_SDRAM_gen/ --quartus_dir=C:/intelfpga_lite/18.1/quartus --verilog --config=C:/Users/klempb/AppData/Local/Temp/alt8751_2910055620119844973.dir/0014_SDRAM_gen//Computer_System_SDRAM_component_configuration.pl  --do_build_sim=0  ]
Info: SDRAM: Done RTL generation for module 'Computer_System_SDRAM'
Info: SDRAM: "Computer_System" instantiated altera_avalon_new_sdram_controller "SDRAM"
Info: Servo0: "Computer_System" instantiated servo_control "Servo0"
Info: Slider_Switches: Starting RTL generation for module 'Computer_System_Slider_Switches'
Info: Slider_Switches:   Generation command is [exec C:/intelfpga_lite/18.1/quartus/bin64/perl/bin/perl.exe -I C:/intelfpga_lite/18.1/quartus/bin64/perl/lib -I C:/intelfpga_lite/18.1/quartus/sopc_builder/bin/europa -I C:/intelfpga_lite/18.1/quartus/sopc_builder/bin/perl_lib -I C:/intelfpga_lite/18.1/quartus/sopc_builder/bin -I C:/intelfpga_lite/18.1/quartus/../ip/altera/sopc_builder_ip/common -I C:/intelfpga_lite/18.1/quartus/../ip/altera/sopc_builder_ip/altera_avalon_pio -- C:/intelfpga_lite/18.1/quartus/../ip/altera/sopc_builder_ip/altera_avalon_pio/generate_rtl.pl --name=Computer_System_Slider_Switches --dir=C:/Users/klempb/AppData/Local/Temp/alt8751_2910055620119844973.dir/0016_Slider_Switches_gen/ --quartus_dir=C:/intelfpga_lite/18.1/quartus --verilog --config=C:/Users/klempb/AppData/Local/Temp/alt8751_2910055620119844973.dir/0016_Slider_Switches_gen//Computer_System_Slider_Switches_component_configuration.pl  --do_build_sim=0  ]
Info: Slider_Switches: Done RTL generation for module 'Computer_System_Slider_Switches'
Info: Slider_Switches: "Computer_System" instantiated altera_avalon_pio "Slider_Switches"
Info: SysID: "Computer_System" instantiated altera_avalon_sysid_qsys "SysID"
Info: System_PLL: "Computer_System" instantiated altera_up_avalon_sys_sdram_pll "System_PLL"
Info: blinky_test_0: "Computer_System" instantiated blinky_test "blinky_test_0"
Info: Reusing file C:/intelFPGA_lite/18.1/University_Program/Computer_Systems/DE10-Lite/CE2820-ES3/verilog/Computer_System/synthesis/submodules/counter.vhd
Info: Reusing file C:/intelFPGA_lite/18.1/University_Program/Computer_Systems/DE10-Lite/CE2820-ES3/verilog/Computer_System/synthesis/submodules/edge_detector.vhd
Info: Reusing file C:/intelFPGA_lite/18.1/University_Program/Computer_Systems/DE10-Lite/CE2820-ES3/verilog/Computer_System/synthesis/submodules/port_reg.vhd
Info: Reusing file C:/intelFPGA_lite/18.1/University_Program/Computer_Systems/DE10-Lite/CE2820-ES3/verilog/Computer_System/synthesis/submodules/prescaler.vhd
Info: Reusing file C:/intelFPGA_lite/18.1/University_Program/Computer_Systems/DE10-Lite/CE2820-ES3/verilog/Computer_System/synthesis/submodules/reg.vhd
Info: iServo0: Starting RTL generation for module 'Computer_System_iServo0'
Info: iServo0:   Generation command is [exec C:/intelfpga_lite/18.1/quartus/bin64/perl/bin/perl.exe -I C:/intelfpga_lite/18.1/quartus/bin64/perl/lib -I C:/intelfpga_lite/18.1/quartus/sopc_builder/bin/europa -I C:/intelfpga_lite/18.1/quartus/sopc_builder/bin/perl_lib -I C:/intelfpga_lite/18.1/quartus/sopc_builder/bin -I C:/intelfpga_lite/18.1/quartus/../ip/altera/sopc_builder_ip/common -I C:/intelfpga_lite/18.1/quartus/../ip/altera/sopc_builder_ip/altera_avalon_pio -- C:/intelfpga_lite/18.1/quartus/../ip/altera/sopc_builder_ip/altera_avalon_pio/generate_rtl.pl --name=Computer_System_iServo0 --dir=C:/Users/klempb/AppData/Local/Temp/alt8751_2910055620119844973.dir/0019_iServo0_gen/ --quartus_dir=C:/intelfpga_lite/18.1/quartus --verilog --config=C:/Users/klempb/AppData/Local/Temp/alt8751_2910055620119844973.dir/0019_iServo0_gen//Computer_System_iServo0_component_configuration.pl  --do_build_sim=0  ]
Info: iServo0: Done RTL generation for module 'Computer_System_iServo0'
Info: iServo0: "Computer_System" instantiated altera_avalon_pio "iServo0"
Info: video_lt24_controller_0: Starting Generation of LT24 Controller
Info: video_lt24_controller_0: "Computer_System" instantiated altera_up_avalon_video_lt24_controller "video_lt24_controller_0"
Info: video_pixel_buffer_dma_0: Starting Generation of VGA Pixel Buffer
Info: video_pixel_buffer_dma_0: "Computer_System" instantiated altera_up_avalon_video_pixel_buffer_dma "video_pixel_buffer_dma_0"
Info: video_pll_0: "Computer_System" instantiated altera_up_avalon_video_pll "video_pll_0"
Info: Nios2_custom_instruction_master_translator: "Computer_System" instantiated altera_customins_master_translator "Nios2_custom_instruction_master_translator"
Info: Nios2_custom_instruction_master_multi_xconnect: "Computer_System" instantiated altera_customins_xconnect "Nios2_custom_instruction_master_multi_xconnect"
Info: Nios2_custom_instruction_master_multi_slave_translator0: "Computer_System" instantiated altera_customins_slave_translator "Nios2_custom_instruction_master_multi_slave_translator0"
Info: avalon_st_adapter: Inserting error_adapter: error_adapter_0
Info: avalon_st_adapter_001: Inserting error_adapter: error_adapter_0
Info: avalon_st_adapter_002: Inserting error_adapter: error_adapter_0
Info: avalon_st_adapter_003: Inserting error_adapter: error_adapter_0
Info: avalon_st_adapter_004: Inserting error_adapter: error_adapter_0
Info: avalon_st_adapter_005: Inserting error_adapter: error_adapter_0
Info: avalon_st_adapter_006: Inserting error_adapter: error_adapter_0
Info: avalon_st_adapter_007: Inserting error_adapter: error_adapter_0
Info: avalon_st_adapter_008: Inserting error_adapter: error_adapter_0
Info: avalon_st_adapter_009: Inserting error_adapter: error_adapter_0
Info: avalon_st_adapter_010: Inserting error_adapter: error_adapter_0
Info: avalon_st_adapter_011: Inserting error_adapter: error_adapter_0
Info: avalon_st_adapter_012: Inserting error_adapter: error_adapter_0
Info: avalon_st_adapter_013: Inserting error_adapter: error_adapter_0
Info: avalon_st_adapter_014: Inserting error_adapter: error_adapter_0
Info: avalon_st_adapter_015: Inserting error_adapter: error_adapter_0
Info: avalon_st_adapter_016: Inserting error_adapter: error_adapter_0
Info: avalon_st_adapter_017: Inserting error_adapter: error_adapter_0
Info: avalon_st_adapter_018: Inserting error_adapter: error_adapter_0
Info: avalon_st_adapter_019: Inserting error_adapter: error_adapter_0
Info: avalon_st_adapter_020: Inserting error_adapter: error_adapter_0
Info: avalon_st_adapter_021: Inserting error_adapter: error_adapter_0
Info: mm_interconnect_0: "Computer_System" instantiated altera_mm_interconnect "mm_interconnect_0"
Info: irq_mapper: "Computer_System" instantiated altera_irq_mapper "irq_mapper"
Info: rst_controller: "Computer_System" instantiated altera_reset_controller "rst_controller"
Info: jtag_phy_embedded_in_jtag_master: "JTAG_to_FPGA_Bridge" instantiated altera_jtag_dc_streaming "jtag_phy_embedded_in_jtag_master"
Info: timing_adt: "JTAG_to_FPGA_Bridge" instantiated timing_adapter "timing_adt"
Info: fifo: "JTAG_to_FPGA_Bridge" instantiated altera_avalon_sc_fifo "fifo"
Info: b2p: "JTAG_to_FPGA_Bridge" instantiated altera_avalon_st_bytes_to_packets "b2p"
Info: p2b: "JTAG_to_FPGA_Bridge" instantiated altera_avalon_st_packets_to_bytes "p2b"
Info: transacto: "JTAG_to_FPGA_Bridge" instantiated altera_avalon_packets_to_master "transacto"
Info: b2p_adapter: "JTAG_to_FPGA_Bridge" instantiated channel_adapter "b2p_adapter"
Info: p2b_adapter: "JTAG_to_FPGA_Bridge" instantiated channel_adapter "p2b_adapter"
Info: cpu: Starting RTL generation for module 'Computer_System_Nios2_cpu'
Info: cpu:   Generation command is [exec C:/intelFPGA_lite/18.1/quartus/bin64//eperlcmd.exe -I C:/intelFPGA_lite/18.1/quartus/bin64//perl/lib -I C:/intelfpga_lite/18.1/quartus/sopc_builder/bin/europa -I C:/intelfpga_lite/18.1/quartus/sopc_builder/bin/perl_lib -I C:/intelfpga_lite/18.1/quartus/sopc_builder/bin -I C:/intelfpga_lite/18.1/quartus/../ip/altera/nios2_ip/altera_nios2_gen2/cpu_lib -I C:/intelfpga_lite/18.1/quartus/../ip/altera/nios2_ip/altera_nios2_gen2/nios_lib -I C:/intelfpga_lite/18.1/quartus/../ip/altera/nios2_ip/altera_nios2_gen2 -I C:/intelfpga_lite/18.1/quartus/../ip/altera/nios2_ip/altera_nios2_gen2 -- C:/intelfpga_lite/18.1/quartus/../ip/altera/nios2_ip/altera_nios2_gen2/generate_rtl.epl --name=Computer_System_Nios2_cpu --dir=C:/Users/klempb/AppData/Local/Temp/alt8751_2910055620119844973.dir/0035_cpu_gen/ --quartus_bindir=C:/intelFPGA_lite/18.1/quartus/bin64/ --verilog --config=C:/Users/klempb/AppData/Local/Temp/alt8751_2910055620119844973.dir/0035_cpu_gen//Computer_System_Nios2_cpu_processor_configuration.pl  --do_build_sim=0  ]
Info: cpu: # 2021.05.04 11:50:00 (*) Starting Nios II generation
Info: cpu: # 2021.05.04 11:50:00 (*)   Checking for plaintext license.
Info: cpu: # 2021.05.04 11:50:00 (*)   Couldn't query license setup in Quartus directory C:/intelFPGA_lite/18.1/quartus/bin64/
Info: cpu: # 2021.05.04 11:50:00 (*)   Defaulting to contents of LM_LICENSE_FILE environment variable
Info: cpu: # 2021.05.04 11:50:00 (*)   LM_LICENSE_FILE environment variable is empty
Info: cpu: # 2021.05.04 11:50:00 (*)   Plaintext license not found.
Info: cpu: # 2021.05.04 11:50:00 (*)   No license required to generate encrypted Nios II/e.
Info: cpu: # 2021.05.04 11:50:00 (*)   Elaborating CPU configuration settings
Info: cpu: # 2021.05.04 11:50:00 (*)   Creating all objects for CPU
Info: cpu: # 2021.05.04 11:50:01 (*)   Generating RTL from CPU objects
Info: cpu: # 2021.05.04 11:50:01 (*)   Creating plain-text RTL
Info: cpu: # 2021.05.04 11:50:02 (*) Done Nios II generation
Info: cpu: Done RTL generation for module 'Computer_System_Nios2_cpu'
Info: cpu: "Nios2" instantiated altera_nios2_gen2_unit "cpu"
Info: sys_pll: "System_PLL" instantiated altera_up_altpll "sys_pll"
Info: reset_from_locked: "System_PLL" instantiated altera_up_avalon_reset_from_locked_signal "reset_from_locked"
Info: video_pixel_buffer_dma_0_avalon_pixel_dma_master_translator: "mm_interconnect_0" instantiated altera_merlin_master_translator "video_pixel_buffer_dma_0_avalon_pixel_dma_master_translator"
Info: SDRAM_s1_translator: "mm_interconnect_0" instantiated altera_merlin_slave_translator "SDRAM_s1_translator"
Info: video_pixel_buffer_dma_0_avalon_pixel_dma_master_agent: "mm_interconnect_0" instantiated altera_merlin_master_agent "video_pixel_buffer_dma_0_avalon_pixel_dma_master_agent"
Info: SDRAM_s1_agent: "mm_interconnect_0" instantiated altera_merlin_slave_agent "SDRAM_s1_agent"
Info: router: "mm_interconnect_0" instantiated altera_merlin_router "router"
Info: router_001: "mm_interconnect_0" instantiated altera_merlin_router "router_001"
Info: router_002: "mm_interconnect_0" instantiated altera_merlin_router "router_002"
Info: router_003: "mm_interconnect_0" instantiated altera_merlin_router "router_003"
Info: router_004: "mm_interconnect_0" instantiated altera_merlin_router "router_004"
Info: router_005: "mm_interconnect_0" instantiated altera_merlin_router "router_005"
Info: router_022: "mm_interconnect_0" instantiated altera_merlin_router "router_022"
Info: router_024: "mm_interconnect_0" instantiated altera_merlin_router "router_024"
Info: router_025: "mm_interconnect_0" instantiated altera_merlin_router "router_025"
Info: JTAG_to_FPGA_Bridge_master_limiter: "mm_interconnect_0" instantiated altera_merlin_traffic_limiter "JTAG_to_FPGA_Bridge_master_limiter"
Info: Reusing file C:/intelFPGA_lite/18.1/University_Program/Computer_Systems/DE10-Lite/CE2820-ES3/verilog/Computer_System/synthesis/submodules/altera_avalon_sc_fifo.v
Info: Reusing file C:/intelFPGA_lite/18.1/University_Program/Computer_Systems/DE10-Lite/CE2820-ES3/verilog/Computer_System/synthesis/submodules/altera_avalon_st_pipeline_base.v
Info: SDRAM_s1_burst_adapter: "mm_interconnect_0" instantiated altera_merlin_burst_adapter "SDRAM_s1_burst_adapter"
Info: Reusing file C:/intelFPGA_lite/18.1/University_Program/Computer_Systems/DE10-Lite/CE2820-ES3/verilog/Computer_System/synthesis/submodules/altera_avalon_st_pipeline_stage.sv
Info: Reusing file C:/intelFPGA_lite/18.1/University_Program/Computer_Systems/DE10-Lite/CE2820-ES3/verilog/Computer_System/synthesis/submodules/altera_avalon_st_pipeline_base.v
Info: cmd_demux: "mm_interconnect_0" instantiated altera_merlin_demultiplexer "cmd_demux"
Info: cmd_demux_001: "mm_interconnect_0" instantiated altera_merlin_demultiplexer "cmd_demux_001"
Info: cmd_demux_002: "mm_interconnect_0" instantiated altera_merlin_demultiplexer "cmd_demux_002"
Info: cmd_demux_003: "mm_interconnect_0" instantiated altera_merlin_demultiplexer "cmd_demux_003"
Info: cmd_mux: "mm_interconnect_0" instantiated altera_merlin_multiplexer "cmd_mux"
Info: cmd_mux_001: "mm_interconnect_0" instantiated altera_merlin_multiplexer "cmd_mux_001"
Info: Reusing file C:/intelFPGA_lite/18.1/University_Program/Computer_Systems/DE10-Lite/CE2820-ES3/verilog/Computer_System/synthesis/submodules/altera_merlin_arbitrator.sv
Info: cmd_mux_018: "mm_interconnect_0" instantiated altera_merlin_multiplexer "cmd_mux_018"
Info: Reusing file C:/intelFPGA_lite/18.1/University_Program/Computer_Systems/DE10-Lite/CE2820-ES3/verilog/Computer_System/synthesis/submodules/altera_merlin_arbitrator.sv
Info: cmd_mux_021: "mm_interconnect_0" instantiated altera_merlin_multiplexer "cmd_mux_021"
Info: Reusing file C:/intelFPGA_lite/18.1/University_Program/Computer_Systems/DE10-Lite/CE2820-ES3/verilog/Computer_System/synthesis/submodules/altera_merlin_arbitrator.sv
Info: rsp_demux: "mm_interconnect_0" instantiated altera_merlin_demultiplexer "rsp_demux"
Info: rsp_demux_001: "mm_interconnect_0" instantiated altera_merlin_demultiplexer "rsp_demux_001"
Info: rsp_demux_002: "mm_interconnect_0" instantiated altera_merlin_demultiplexer "rsp_demux_002"
Info: rsp_demux_018: "mm_interconnect_0" instantiated altera_merlin_demultiplexer "rsp_demux_018"
Info: rsp_demux_021: "mm_interconnect_0" instantiated altera_merlin_demultiplexer "rsp_demux_021"
Info: rsp_mux: "mm_interconnect_0" instantiated altera_merlin_multiplexer "rsp_mux"
Info: Reusing file C:/intelFPGA_lite/18.1/University_Program/Computer_Systems/DE10-Lite/CE2820-ES3/verilog/Computer_System/synthesis/submodules/altera_merlin_arbitrator.sv
Info: rsp_mux_001: "mm_interconnect_0" instantiated altera_merlin_multiplexer "rsp_mux_001"
Info: Reusing file C:/intelFPGA_lite/18.1/University_Program/Computer_Systems/DE10-Lite/CE2820-ES3/verilog/Computer_System/synthesis/submodules/altera_merlin_arbitrator.sv
Info: rsp_mux_002: "mm_interconnect_0" instantiated altera_merlin_multiplexer "rsp_mux_002"
Info: Reusing file C:/intelFPGA_lite/18.1/University_Program/Computer_Systems/DE10-Lite/CE2820-ES3/verilog/Computer_System/synthesis/submodules/altera_merlin_arbitrator.sv
Info: rsp_mux_003: "mm_interconnect_0" instantiated altera_merlin_multiplexer "rsp_mux_003"
Info: Reusing file C:/intelFPGA_lite/18.1/University_Program/Computer_Systems/DE10-Lite/CE2820-ES3/verilog/Computer_System/synthesis/submodules/altera_merlin_arbitrator.sv
Info: Nios2_data_master_to_SDRAM_s1_cmd_width_adapter: "mm_interconnect_0" instantiated altera_merlin_width_adapter "Nios2_data_master_to_SDRAM_s1_cmd_width_adapter"
Info: Reusing file C:/intelFPGA_lite/18.1/University_Program/Computer_Systems/DE10-Lite/CE2820-ES3/verilog/Computer_System/synthesis/submodules/altera_merlin_address_alignment.sv
Info: Reusing file C:/intelFPGA_lite/18.1/University_Program/Computer_Systems/DE10-Lite/CE2820-ES3/verilog/Computer_System/synthesis/submodules/altera_merlin_burst_uncompressor.sv
Info: crosser: "mm_interconnect_0" instantiated altera_avalon_st_handshake_clock_crosser "crosser"
Info: Reusing file C:/intelFPGA_lite/18.1/University_Program/Computer_Systems/DE10-Lite/CE2820-ES3/verilog/Computer_System/synthesis/submodules/altera_avalon_st_clock_crosser.v
Info: Reusing file C:/intelFPGA_lite/18.1/University_Program/Computer_Systems/DE10-Lite/CE2820-ES3/verilog/Computer_System/synthesis/submodules/altera_avalon_st_pipeline_base.v
Info: Reusing file C:/intelFPGA_lite/18.1/University_Program/Computer_Systems/DE10-Lite/CE2820-ES3/verilog/Computer_System/synthesis/submodules/altera_std_synchronizer_nocut.v
Info: avalon_st_adapter: "mm_interconnect_0" instantiated altera_avalon_st_adapter "avalon_st_adapter"
Info: avalon_st_adapter_001: "mm_interconnect_0" instantiated altera_avalon_st_adapter "avalon_st_adapter_001"
Info: error_adapter_0: "avalon_st_adapter" instantiated error_adapter "error_adapter_0"
Info: error_adapter_0: "avalon_st_adapter_001" instantiated error_adapter "error_adapter_0"
Info: Computer_System: Done "Computer_System" with 79 modules, 139 files
Info: qsys-generate succeeded.
Info: Finished: Create HDL design files for synthesis
